Arguments: 
  C:\Program Files\nodejs\node.exe C:\Users\veron_000\AppData\Roaming\npm\node_modules\yarn\bin\yarn.js run build

PATH: 
  C:\Users\veron_000\bin;C:\Users\veron_000\AppData\Local\Programs\Git\mingw64\bin;C:\Users\veron_000\AppData\Local\Programs\Git\usr\local\bin;C:\Users\veron_000\AppData\Local\Programs\Git\usr\bin;C:\Users\veron_000\AppData\Local\Programs\Git\usr\bin;C:\Users\veron_000\AppData\Local\Programs\Git\mingw64\bin;C:\Users\veron_000\AppData\Local\Programs\Git\usr\bin;C:\Users\veron_000\bin;C:\ProgramData\Oracle\Java\javapath;C:\Program Files (x86)\Intel\iCLS Client;C:\Program Files\Intel\iCLS Client;C:\WINDOWS\system32;C:\WINDOWS;C:\WINDOWS\System32\Wbem;C:\WINDOWS\System32\WindowsPowerShell\v1.0;C:\Program Files\Hewlett-Packard\SimplePass;C:\Program Files\Intel\Intel(R) Management Engine Components\DAL;C:\Program Files (x86)\Intel\Intel(R) Management Engine Components\DAL;C:\Program Files\Intel\Intel(R) Management Engine Components\IPT;C:\Program Files (x86)\Intel\Intel(R) Management Engine Components\IPT;C:\Program Files\Intel\WiFi\bin;C:\Program Files\Common Files\Intel\WirelessCommon;C:\Program Files (x86)\Skype\Phone;C:\Program Files\nodejs;C:\Program Files\Heroku\bin;C:\PROGRA~1\MongoDB\Server\3.4\bin;C:\Ruby24-x64\bin;C:\Users\veron_000\AppData\Local\Programs\Python\Python36\Scripts;C:\Users\veron_000\AppData\Local\Programs\Python\Python36;C:\Users\veron_000\AppData\Local\Microsoft\WindowsApps;C:\Users\veron_000\AppData\Local\.meteor;C:\Users\veron_000\AppData\Local\atom\bin;C:\Users\veron_000\AppData\Local\Microsoft\WindowsApps;C:\Users\veron_000\AppData\Roaming\npm;C:\Program Files\Microsoft VS Code\bin;C:\Users\veron_000\AppData\Local\Programs\Git\cmd;C:\Users\veron_000\AppData\Local\GitHubDesktop\bin;C:\Users\veron_000\AppData\Local\Google\Cloud SDK\google-cloud-sdk\bin;C:\Users\veron_000\AppData\Local\Programs\Git\usr\bin\vendor_perl;C:\Users\veron_000\AppData\Local\Programs\Git\usr\bin\core_perl

Yarn version: 
  1.5.1

Node version: 
  8.4.0

Platform: 
  win32 x64

npm manifest: 
  {
    "name": "indecision-app",
    "version": "1.0.0",
    "main": "index.js",
    "author": "Veronika T",
    "license": "MIT",
    "engines": {
      "node": "8.4.0"
    },
    "scripts": {
      "serve": "live-server public/",
      "build:dev": "webpack",
      "build:prod": "webpack -p --env production",
      "dev-server": "webpack-dev-server",
      "start": "node server/server.js",
      "heroku-postbuild": "yarn run build:prod"
    },
    "dependencies": {
      "babel-cli": "^6.24.1",
      "babel-core": "^6.25.0",
      "babel-loader": "^7.1.1",
      "babel-plugin-transform-class-properties": "^6.24.1",
      "babel-preset-react": "6.24.1",
      "css-loader": "^0.28.4",
      "live-server": "^1.2.0",
      "node-sass": "^4.5.3",
      "normalize.css": "^7.0.0",
      "react": "^16.0.0",
      "react-dom": "^16.0.0",
      "react-modal": "^2.2.2",
      "sass-loader": "^6.0.6",
      "style-loader": "^0.18.2",
      "validator": "^8.0.0",
      "webpack": "^3.1.0",
      "webpack-dev-server": "^2.5.1"
    },
    "devDependencies": {
      "babel-preset-env": "^1.5.2"
    }
  }

yarn manifest: 
  No manifest

Lockfile: 
  No lockfile

Trace: 
  Error: Command "build" not found.
      at new MessageError (C:\Users\veron_000\AppData\Roaming\npm\node_modules\yarn\lib\cli.js:186:110)
      at C:\Users\veron_000\AppData\Roaming\npm\node_modules\yarn\lib\cli.js:87307:17
      at Generator.next (<anonymous>)
      at step (C:\Users\veron_000\AppData\Roaming\npm\node_modules\yarn\lib\cli.js:98:30)
      at C:\Users\veron_000\AppData\Roaming\npm\node_modules\yarn\lib\cli.js:116:14
      at Promise (<anonymous>)
      at F (C:\Users\veron_000\AppData\Roaming\npm\node_modules\yarn\lib\cli.js:23451:28)
      at C:\Users\veron_000\AppData\Roaming\npm\node_modules\yarn\lib\cli.js:95:12
      at runCommand (C:\Users\veron_000\AppData\Roaming\npm\node_modules\yarn\lib\cli.js:87312:22)
      at Object.<anonymous> (C:\Users\veron_000\AppData\Roaming\npm\node_modules\yarn\lib\cli.js:87412:14)
